execve("/usr/bin/bsdtar", ["bsdtar", "-cf", "foo.tar", "vmlinux"], [/* 80 vars */]) = 0
brk(0)                                  = 0x1520000
mmap(NULL, 4096, PROT_READ|PROT_WRITE, MAP_PRIVATE|MAP_ANONYMOUS, -1, 0) = 0x7f919f8f4000
access("/etc/ld.so.preload", R_OK)      = -1 ENOENT (No such file or directory)
open("/etc/ld.so.cache", O_RDONLY|O_CLOEXEC) = 3
fstat(3, {st_mode=S_IFREG|0644, st_size=99000, ...}) = 0
mmap(NULL, 99000, PROT_READ, MAP_PRIVATE, 3, 0) = 0x7f919f8db000
close(3)                                = 0
open("/lib/libacl.so.1", O_RDONLY|O_CLOEXEC) = 3
read(3, "\177ELF\2\1\1\0\0\0\0\0\0\0\0\0\3\0>\0\1\0\0\0`\35\0\0\0\0\0\0"..., 832) = 832
fstat(3, {st_mode=S_IFREG|0755, st_size=31856, ...}) = 0
mmap(NULL, 2127048, PROT_READ|PROT_EXEC, MAP_PRIVATE|MAP_DENYWRITE, 3, 0) = 0x7f919f4cd000
mprotect(0x7f919f4d4000, 2097152, PROT_NONE) = 0
mmap(0x7f919f6d4000, 4096, PROT_READ|PROT_WRITE, MAP_PRIVATE|MAP_FIXED|MAP_DENYWRITE, 3, 0x7000) = 0x7f919f6d4000
close(3)                                = 0
open("/lib/libattr.so.1", O_RDONLY|O_CLOEXEC) = 3
read(3, "\177ELF\2\1\1\0\0\0\0\0\0\0\0\0\3\0>\0\1\0\0\0`\23\0\0\0\0\0\0"..., 832) = 832
fstat(3, {st_mode=S_IFREG|0755, st_size=18712, ...}) = 0
mmap(NULL, 2113888, PROT_READ|PROT_EXEC, MAP_PRIVATE|MAP_DENYWRITE, 3, 0) = 0x7f919f2c8000
mprotect(0x7f919f2cc000, 2093056, PROT_NONE) = 0
mmap(0x7f919f4cb000, 8192, PROT_READ|PROT_WRITE, MAP_PRIVATE|MAP_FIXED|MAP_DENYWRITE, 3, 0x3000) = 0x7f919f4cb000
close(3)                                = 0
open("/usr/lib/libexpat.so.1", O_RDONLY|O_CLOEXEC) = 3
read(3, "\177ELF\2\1\1\0\0\0\0\0\0\0\0\0\3\0>\0\1\0\0\0`=\0\0\0\0\0\0"..., 832) = 832
fstat(3, {st_mode=S_IFREG|0755, st_size=170120, ...}) = 0
mmap(NULL, 4096, PROT_READ|PROT_WRITE, MAP_PRIVATE|MAP_ANONYMOUS, -1, 0) = 0x7f919f8da000
mmap(NULL, 2265272, PROT_READ|PROT_EXEC, MAP_PRIVATE|MAP_DENYWRITE, 3, 0) = 0x7f919f09e000
mprotect(0x7f919f0c5000, 2097152, PROT_NONE) = 0
mmap(0x7f919f2c5000, 12288, PROT_READ|PROT_WRITE, MAP_PRIVATE|MAP_FIXED|MAP_DENYWRITE, 3, 0x27000) = 0x7f919f2c5000
close(3)                                = 0
open("/usr/lib/liblzma.so.5", O_RDONLY|O_CLOEXEC) = 3
read(3, "\177ELF\2\1\1\0\0\0\0\0\0\0\0\0\3\0>\0\1\0\0\0 *\0\0\0\0\0\0"..., 832) = 832
fstat(3, {st_mode=S_IFREG|0755, st_size=464956, ...}) = 0
mmap(NULL, 2281944, PROT_READ|PROT_EXEC, MAP_PRIVATE|MAP_DENYWRITE, 3, 0) = 0x7f919ee70000
mprotect(0x7f919ee9d000, 2093056, PROT_NONE) = 0
mmap(0x7f919f09c000, 8192, PROT_READ|PROT_WRITE, MAP_PRIVATE|MAP_FIXED|MAP_DENYWRITE, 3, 0x2c000) = 0x7f919f09c000
close(3)                                = 0
open("/lib/libbz2.so.1.0", O_RDONLY|O_CLOEXEC) = 3
read(3, "\177ELF\2\1\1\0\0\0\0\0\0\0\0\0\3\0>\0\1\0\0\0 \30\0\0\0\0\0\0"..., 832) = 832
fstat(3, {st_mode=S_IFREG|0755, st_size=64480, ...}) = 0
mmap(NULL, 2159568, PROT_READ|PROT_EXEC, MAP_PRIVATE|MAP_DENYWRITE, 3, 0) = 0x7f919ec60000
mprotect(0x7f919ec6f000, 2093056, PROT_NONE) = 0
mmap(0x7f919ee6e000, 8192, PROT_READ|PROT_WRITE, MAP_PRIVATE|MAP_FIXED|MAP_DENYWRITE, 3, 0xe000) = 0x7f919ee6e000
close(3)                                = 0
open("/usr/lib/libz.so.1", O_RDONLY|O_CLOEXEC) = 3
read(3, "\177ELF\2\1\1\0\0\0\0\0\0\0\0\0\3\0>\0\1\0\0\0\220\37\0\0\0\0\0\0"..., 832) = 832
fstat(3, {st_mode=S_IFREG|0755, st_size=100840, ...}) = 0
mmap(NULL, 4096, PROT_READ|PROT_WRITE, MAP_PRIVATE|MAP_ANONYMOUS, -1, 0) = 0x7f919f8d9000
mmap(NULL, 2195952, PROT_READ|PROT_EXEC, MAP_PRIVATE|MAP_DENYWRITE, 3, 0) = 0x7f919ea47000
mprotect(0x7f919ea5e000, 2097152, PROT_NONE) = 0
mmap(0x7f919ec5e000, 8192, PROT_READ|PROT_WRITE, MAP_PRIVATE|MAP_FIXED|MAP_DENYWRITE, 3, 0x17000) = 0x7f919ec5e000
close(3)                                = 0
open("/usr/lib/libcrypto.so.1.0.0", O_RDONLY|O_CLOEXEC) = 3
read(3, "\177ELF\2\1\1\0\0\0\0\0\0\0\0\0\3\0>\0\1\0\0\0\200\3\6\0\0\0\0\0"..., 832) = 832
fstat(3, {st_mode=S_IFREG|0555, st_size=2029037, ...}) = 0
mmap(NULL, 3884392, PROT_READ|PROT_EXEC, MAP_PRIVATE|MAP_DENYWRITE, 3, 0) = 0x7f919e692000
mprotect(0x7f919e820000, 2097152, PROT_NONE) = 0
mmap(0x7f919ea20000, 143360, PROT_READ|PROT_WRITE, MAP_PRIVATE|MAP_FIXED|MAP_DENYWRITE, 3, 0x18e000) = 0x7f919ea20000
mmap(0x7f919ea43000, 13672, PROT_READ|PROT_WRITE, MAP_PRIVATE|MAP_FIXED|MAP_ANONYMOUS, -1, 0) = 0x7f919ea43000
close(3)                                = 0
open("/lib/libc.so.6", O_RDONLY|O_CLOEXEC) = 3
read(3, "\177ELF\2\1\1\3\0\0\0\0\0\0\0\0\3\0>\0\1\0\0\0\240\24\2\0\0\0\0\0"..., 832) = 832
fstat(3, {st_mode=S_IFREG|0755, st_size=1991739, ...}) = 0
mmap(NULL, 3812368, PROT_READ|PROT_EXEC, MAP_PRIVATE|MAP_DENYWRITE, 3, 0) = 0x7f919e2ef000
mprotect(0x7f919e488000, 2097152, PROT_NONE) = 0
mmap(0x7f919e688000, 24576, PROT_READ|PROT_WRITE, MAP_PRIVATE|MAP_FIXED|MAP_DENYWRITE, 3, 0x199000) = 0x7f919e688000
mmap(0x7f919e68e000, 15376, PROT_READ|PROT_WRITE, MAP_PRIVATE|MAP_FIXED|MAP_ANONYMOUS, -1, 0) = 0x7f919e68e000
close(3)                                = 0
open("/lib/libpthread.so.0", O_RDONLY|O_CLOEXEC) = 3
read(3, "\177ELF\2\1\1\0\0\0\0\0\0\0\0\0\3\0>\0\1\0\0\0\200l\0\0\0\0\0\0"..., 832) = 832
fstat(3, {st_mode=S_IFREG|0755, st_size=142602, ...}) = 0
mmap(NULL, 4096, PROT_READ|PROT_WRITE, MAP_PRIVATE|MAP_ANONYMOUS, -1, 0) = 0x7f919f8d8000
mmap(NULL, 2212752, PROT_READ|PROT_EXEC, MAP_PRIVATE|MAP_DENYWRITE, 3, 0) = 0x7f919e0d2000
mprotect(0x7f919e0ea000, 2093056, PROT_NONE) = 0
mmap(0x7f919e2e9000, 8192, PROT_READ|PROT_WRITE, MAP_PRIVATE|MAP_FIXED|MAP_DENYWRITE, 3, 0x17000) = 0x7f919e2e9000
mmap(0x7f919e2eb000, 13200, PROT_READ|PROT_WRITE, MAP_PRIVATE|MAP_FIXED|MAP_ANONYMOUS, -1, 0) = 0x7f919e2eb000
close(3)                                = 0
open("/lib/libdl.so.2", O_RDONLY|O_CLOEXEC) = 3
read(3, "\177ELF\2\1\1\0\0\0\0\0\0\0\0\0\3\0>\0\1\0\0\0\340\r\0\0\0\0\0\0"..., 832) = 832
fstat(3, {st_mode=S_IFREG|0755, st_size=14784, ...}) = 0
mmap(NULL, 2109688, PROT_READ|PROT_EXEC, MAP_PRIVATE|MAP_DENYWRITE, 3, 0) = 0x7f919dece000
mprotect(0x7f919ded0000, 2097152, PROT_NONE) = 0
mmap(0x7f919e0d0000, 8192, PROT_READ|PROT_WRITE, MAP_PRIVATE|MAP_FIXED|MAP_DENYWRITE, 3, 0x2000) = 0x7f919e0d0000
close(3)                                = 0
mmap(NULL, 4096, PROT_READ|PROT_WRITE, MAP_PRIVATE|MAP_ANONYMOUS, -1, 0) = 0x7f919f8d7000
mmap(NULL, 4096, PROT_READ|PROT_WRITE, MAP_PRIVATE|MAP_ANONYMOUS, -1, 0) = 0x7f919f8d6000
mmap(NULL, 4096, PROT_READ|PROT_WRITE, MAP_PRIVATE|MAP_ANONYMOUS, -1, 0) = 0x7f919f8d5000
arch_prctl(ARCH_SET_FS, 0x7f919f8d6700) = 0
mprotect(0x7f919e688000, 16384, PROT_READ) = 0
mprotect(0x7f919e0d0000, 4096, PROT_READ) = 0
mprotect(0x7f919e2e9000, 4096, PROT_READ) = 0
mprotect(0x7f919ec5e000, 4096, PROT_READ) = 0
mprotect(0x7f919ea20000, 102400, PROT_READ) = 0
mprotect(0x7f919f09c000, 4096, PROT_READ) = 0
mprotect(0x7f919f2c5000, 8192, PROT_READ) = 0
mprotect(0x7f919f4cb000, 4096, PROT_READ) = 0
mprotect(0x684000, 4096, PROT_READ)     = 0
mprotect(0x7f919f8f5000, 4096, PROT_READ) = 0
munmap(0x7f919f8db000, 99000)           = 0
set_tid_address(0x7f919f8d69d0)         = 2248
set_robust_list(0x7f919f8d69e0, 0x18)   = 0
futex(0x7fff1372452c, FUTEX_WAIT_BITSET_PRIVATE|FUTEX_CLOCK_REALTIME, 1, NULL, 7f919f8d6700) = -1 EAGAIN (Resource temporarily unavailable)
rt_sigaction(SIGRTMIN, {0x7f919e0d8750, [], SA_RESTORER|SA_SIGINFO, 0x7f919e0e18a0}, NULL, 8) = 0
rt_sigaction(SIGRT_1, {0x7f919e0d87e0, [], SA_RESTORER|SA_RESTART|SA_SIGINFO, 0x7f919e0e18a0}, NULL, 8) = 0
rt_sigprocmask(SIG_UNBLOCK, [RTMIN RT_1], NULL, 8) = 0
getrlimit(RLIMIT_STACK, {rlim_cur=8192*1024, rlim_max=RLIM_INFINITY}) = 0
rt_sigaction(SIGUSR1, {0x405540, [], SA_RESTORER, 0x7f919e3239b0}, NULL, 8) = 0
rt_sigaction(SIGPIPE, {SIG_IGN, [], SA_RESTORER, 0x7f919e3239b0}, NULL, 8) = 0
brk(0)                                  = 0x1520000
brk(0x1541000)                          = 0x1541000
open("/usr/lib/locale/locale-archive", O_RDONLY|O_CLOEXEC) = 3
fstat(3, {st_mode=S_IFREG|0644, st_size=6563968, ...}) = 0
mmap(NULL, 6563968, PROT_READ, MAP_PRIVATE, 3, 0) = 0x7f919d88b000
close(3)                                = 0
geteuid()                               = 1000
open("foo.tar", O_WRONLY|O_CREAT|O_TRUNC, 0666) = 3
fstat(3, {st_mode=S_IFREG|0644, st_size=0, ...}) = 0
open(".", O_RDONLY)                     = 4
lstat("vmlinux", {st_mode=S_IFREG|0755, st_size=13058391, ...}) = 0
socket(PF_FILE, SOCK_STREAM|SOCK_CLOEXEC|SOCK_NONBLOCK, 0) = 5
connect(5, {sa_family=AF_FILE, path="/var/run/nscd/socket"}, 110) = -1 ENOENT (No such file or directory)
close(5)                                = 0
socket(PF_FILE, SOCK_STREAM|SOCK_CLOEXEC|SOCK_NONBLOCK, 0) = 5
connect(5, {sa_family=AF_FILE, path="/var/run/nscd/socket"}, 110) = -1 ENOENT (No such file or directory)
close(5)                                = 0
open("/etc/nsswitch.conf", O_RDONLY|O_CLOEXEC) = 5
fstat(5, {st_mode=S_IFREG|0644, st_size=223, ...}) = 0
mmap(NULL, 4096, PROT_READ|PROT_WRITE, MAP_PRIVATE|MAP_ANONYMOUS, -1, 0) = 0x7f919f8f3000
read(5, "# Begin /etc/nsswitch.conf\n\npass"..., 4096) = 223
read(5, "", 4096)                       = 0
close(5)                                = 0
munmap(0x7f919f8f3000, 4096)            = 0
open("/etc/ld.so.cache", O_RDONLY|O_CLOEXEC) = 5
fstat(5, {st_mode=S_IFREG|0644, st_size=99000, ...}) = 0
mmap(NULL, 99000, PROT_READ, MAP_PRIVATE, 5, 0) = 0x7f919f8db000
close(5)                                = 0
open("/lib/libnss_files.so.2", O_RDONLY|O_CLOEXEC) = 5
read(5, "\177ELF\2\1\1\0\0\0\0\0\0\0\0\0\3\0>\0\1\0\0\0000!\0\0\0\0\0\0"..., 832) = 832
fstat(5, {st_mode=S_IFREG|0755, st_size=52128, ...}) = 0
mmap(NULL, 2148136, PROT_READ|PROT_EXEC, MAP_PRIVATE|MAP_DENYWRITE, 5, 0) = 0x7f919d67e000
mprotect(0x7f919d68a000, 2093056, PROT_NONE) = 0
mmap(0x7f919d889000, 8192, PROT_READ|PROT_WRITE, MAP_PRIVATE|MAP_FIXED|MAP_DENYWRITE, 5, 0xb000) = 0x7f919d889000
close(5)                                = 0
mprotect(0x7f919d889000, 4096, PROT_READ) = 0
munmap(0x7f919f8db000, 99000)           = 0
open("/etc/passwd", O_RDONLY|O_CLOEXEC) = 5
fstat(5, {st_mode=S_IFREG|0644, st_size=701, ...}) = 0
mmap(NULL, 4096, PROT_READ|PROT_WRITE, MAP_PRIVATE|MAP_ANONYMOUS, -1, 0) = 0x7f919f8f3000
read(5, "root:x:0:0:root:/root:/bin/bash\n"..., 4096) = 701
close(5)                                = 0
munmap(0x7f919f8f3000, 4096)            = 0
socket(PF_FILE, SOCK_STREAM|SOCK_CLOEXEC|SOCK_NONBLOCK, 0) = 5
connect(5, {sa_family=AF_FILE, path="/var/run/nscd/socket"}, 110) = -1 ENOENT (No such file or directory)
close(5)                                = 0
socket(PF_FILE, SOCK_STREAM|SOCK_CLOEXEC|SOCK_NONBLOCK, 0) = 5
connect(5, {sa_family=AF_FILE, path="/var/run/nscd/socket"}, 110) = -1 ENOENT (No such file or directory)
close(5)                                = 0
open("/etc/group", O_RDONLY|O_CLOEXEC)  = 5
fstat(5, {st_mode=S_IFREG|0644, st_size=647, ...}) = 0
mmap(NULL, 4096, PROT_READ|PROT_WRITE, MAP_PRIVATE|MAP_ANONYMOUS, -1, 0) = 0x7f919f8f3000
read(5, "root:x:0:root\nbin:x:1:root,bin,d"..., 4096) = 647
close(5)                                = 0
munmap(0x7f919f8f3000, 4096)            = 0
open("vmlinux", O_RDONLY|O_NONBLOCK)    = 5
ioctl(5, FS_IOC32_GETFLAGS or FS_IOC_GETFLAGS, 0x7fff137240d8) = 0
fgetxattr(5, "system.posix_acl_access", 0x7fff13723ec0, 132) = -1 ENODATA (No data available)
fstat(5, {st_mode=S_IFREG|0755, st_size=13058391, ...}) = 0
flistxattr(5, (nil), 0)                 = 0
ioctl(5, FS_IOC_FIEMAP, 0x7fff13722fd0) = 0
close(5)                                = 0
open("vmlinux", O_RDONLY)               = 5
read(5, "\177ELF\2\1\1\0\0\0\0\0\0\0\0\0\2\0>\0\1\0\0\0\0\0\0\1\0\0\0\0"..., 77824) = 77824
read(5, "\0\0\0\0\0\0\0\0\0\0\0\0\0\0\0\0\0\0\0\0\0\0\0\0\0\0\0\0\0\0\0\0"..., 77824) = 77824
read(5, "\0\0\0\0\0\0\0\0\0\0\0\0\0\0\0\0\0\0\0\0\0\0\0\0\0\0\0\0\0\0\0\0"..., 77824) = 77824
read(5, "\0\0\0\0\0\0\0\0\0\0\0\0\0\0\0\0\0\0\0\0\0\0\0\0\0\0\0\0\0\0\0\0"..., 77824) = 77824
read(5, "\0\0\0\0\0\0\0\0\0\0\0\0\0\0\0\0\0\0\0\0\0\0\0\0\0\0\0\0\0\0\0\0"..., 77824) = 77824
read(5, "\0\0\0\0\0\0\0\0\0\0\0\0\0\0\0\0\0\0\0\0\0\0\0\0\0\0\0\0\0\0\0\0"..., 77824) = 77824
read(5, "\0\0\0\0\0\0\0\0\0\0\0\0\0\0\0\0\0\0\0\0\0\0\0\0\0\0\0\0\0\0\0\0"..., 77824) = 77824
read(5, "\0\0\0\0\0\0\0\0\0\0\0\0\0\0\0\0\0\0\0\0\0\0\0\0\0\0\0\0\0\0\0\0"..., 77824) = 77824
read(5, "\0\0\0\0\0\0\0\0\0\0\0\0\0\0\0\0\0\0\0\0\0\0\0\0\0\0\0\0\0\0\0\0"..., 77824) = 77824
read(5, "\0\0\0\0\0\0\0\0\0\0\0\0\0\0\0\0\0\0\0\0\0\0\0\0\0\0\0\0\0\0\0\0"..., 77824) = 77824
read(5, "\0\0\0\0\0\0\0\0\0\0\0\0\0\0\0\0\0\0\0\0\0\0\0\0\0\0\0\0\0\0\0\0"..., 77824) = 77824
read(5, "\0\0\0\0\0\0\0\0\0\0\0\0\0\0\0\0\0\0\0\0\0\0\0\0\0\0\0\0\0\0\0\0"..., 77824) = 77824
read(5, "\0\0\0\0\0\0\0\0\0\0\0\0\0\0\0\0\0\0\0\0\0\0\0\0\0\0\0\0\0\0\0\0"..., 77824) = 77824
read(5, "\0\0\0\0\0\0\0\0\0\0\0\0\0\0\0\0\0\0\0\0\0\0\0\0\0\0\0\0\0\0\0\0"..., 77824) = 77824
read(5, "\0\0\0\0\0\0\0\0\0\0\0\0\0\0\0\0\0\0\0\0\0\0\0\0\0\0\0\0\0\0\0\0"..., 77824) = 77824
read(5, "\0\0\0\0\0\0\0\0\0\0\0\0\0\0\0\0\0\0\0\0\0\0\0\0\0\0\0\0\0\0\0\0"..., 77824) = 77824
read(5, "\0\0\0\0\0\0\0\0\0\0\0\0\0\0\0\0\0\0\0\0\0\0\0\0\0\0\0\0\0\0\0\0"..., 77824) = 77824
read(5, "\0\0\0\0\0\0\0\0\0\0\0\0\0\0\0\0\0\0\0\0\0\0\0\0\0\0\0\0\0\0\0\0"..., 77824) = 77824
read(5, "\0\0\0\0\0\0\0\0\0\0\0\0\0\0\0\0\0\0\0\0\0\0\0\0\0\0\0\0\0\0\0\0"..., 77824) = 77824
read(5, "\0\0\0\0\0\0\0\0\0\0\0\0\0\0\0\0\0\0\0\0\0\0\0\0\0\0\0\0\0\0\0\0"..., 77824) = 77824
read(5, "\0\0\0\0\0\0\0\0\0\0\0\0\0\0\0\0\0\0\0\0\0\0\0\0\0\0\0\0\0\0\0\0"..., 77824) = 77824
read(5, "\0\0\0\0\0\0\0\0\0\0\0\0\0\0\0\0\0\0\0\0\0\0\0\0\0\0\0\0\0\0\0\0"..., 77824) = 77824
read(5, "\0\0\0\0\0\0\0\0\0\0\0\0\0\0\0\0\0\0\0\0\0\0\0\0\0\0\0\0\0\0\0\0"..., 77824) = 77824
read(5, "\0\0\0\0\0\0\0\0\0\0\0\0\0\0\0\0\0\0\0\0\0\0\0\0\0\0\0\0\0\0\0\0"..., 77824) = 77824
read(5, "\0\0\0\0\0\0\0\0\0\0\0\0\0\0\0\0\0\0\0\0\0\0\0\0\0\0\0\0\0\0\0\0"..., 77824) = 77824
read(5, "\0\0\0\0\0\0\0\0\0\0\0\0\0\0\0\0\0\0\0\0\0\0\0\0\0\0\0\0\0\0\0\0"..., 77824) = 77824
read(5, "\0\0\0\0\0\0\0\0\0\0\0\0\0\0\0\0\0\0\0\0\0\0\0\0\0\0\0\0\0\0\0\0"..., 77824) = 77824
write(3, "PaxHeader/vmlinux\0\0\0\0\0\0\0\0\0\0\0\0\0\0\0"..., 10240) = 10240
write(3, "H\215-\371\377\377\377H\201\355\0\0\0\1H\211\350%\377\377\37\0\205\300\17\205l\1\0\0H\215"..., 10240) = 10240
write(3, "\0\0\0\0\0\0\0\0\0\0\0\0\0\0\0\0\0\0\0\0\0\0\0\0\0\0\0\0\0\0\0\0"..., 10240) = 10240
write(3, "\0\0\0\0\0\0\0\0\0\0\0\0\0\0\0\0\0\0\0\0\0\0\0\0\0\0\0\0\0\0\0\0"..., 10240) = 10240
write(3, "\0\0\0\0\0\0\0\0\0\0\0\0\0\0\0\0\0\0\0\0\0\0\0\0001\0\0\0\0\0\0\0"..., 10240) = 10240
write(3, "\0\0\0\0\0\0\0\0\0\0\0\0\0\0\0\0\0\0\0\0\0\0\0\0\0\0\0\0\0\0\0\0"..., 10240) = 2048
write(3, "\0\0\0\0\0\0\0\0\0\0\0\0\0\0\0\0\0\0\0\0\0\0\0\0\0\0\0\0\0\0\0\0"..., 10240) = -1 EFAULT (Bad address)
write(2, "bsdtar: ", 8bsdtar: )                 = 8
write(2, "Write error", 11Write error)             = 11
write(2, "\n", 1
)                       = 1
exit_group(1)                           = ?
